"Severity","ThreadID","Date","Time","Application","Message"
"INFO","Thread-3274094","11/18/2020","10:59:52","remote-client","sucessfully executed: Your Question for Absolutely Crabulous has been answered - www.gulfrentals.com"
"INFO","Thread-3274094","11/18/2020","10:59:57","remote-client","sucessfully executed: Your Question for Absolutely Crabulous has been answered - www.gulfrentals.com"
"INFO","Thread-3274328","11/18/2020","11:01:33","remote-client","sucessfully executed: Your Question for Zephyr Shores has been answered - www.gulfrentals.com"
"INFO","Thread-3274328","11/18/2020","11:01:39","remote-client","sucessfully executed: Your Question for Zephyr Shores has been answered - www.gulfrentals.com"
"INFO","Thread-2017286","11/27/2020","10:47:41","remote-client","sucessfully executed: Your Question for After Dune Delight has been answered - www.gulfrentals.com"
"INFO","Thread-2017286","11/27/2020","10:47:46","remote-client","sucessfully executed: Your Question for After Dune Delight has been answered - www.gulfrentals.com"
"INFO","Thread-2018053","11/27/2020","10:50:23","remote-client","sucessfully executed: Your Question for Clurin's Blue Heaven has been answered - www.gulfrentals.com"
"INFO","Thread-2018053","11/27/2020","10:50:29","remote-client","sucessfully executed: Your Question for Clurin's Blue Heaven has been answered - www.gulfrentals.com"
"INFO","Thread-2018367","11/27/2020","10:51:51","remote-client","sucessfully executed: Your Question for One Particular Harbor has been answered - www.gulfrentals.com"
"INFO","Thread-2018367","11/27/2020","10:51:57","remote-client","sucessfully executed: Your Question for One Particular Harbor has been answered - www.gulfrentals.com"
"INFO","Thread-2018877","11/27/2020","10:53:20","remote-client","sucessfully executed: Your Question for Lotsa' Sands, D has been answered - www.gulfrentals.com"
"INFO","Thread-2018877","11/27/2020","10:53:26","remote-client","sucessfully executed: Your Question for Lotsa' Sands, D has been answered - www.gulfrentals.com"
"INFO","Thread-2018972","11/27/2020","10:53:58","remote-client","sucessfully executed: Your Question for Down Time has been answered - www.gulfrentals.com"
"INFO","Thread-2018972","11/27/2020","10:54:04","remote-client","sucessfully executed: Your Question for Down Time has been answered - www.gulfrentals.com"
"INFO","Thread-2019052","11/27/2020","10:54:21","remote-client","sucessfully executed: Your Question for Dixieland Delight has been answered - www.gulfrentals.com"
"INFO","Thread-2019052","11/27/2020","10:54:27","remote-client","sucessfully executed: Your Question for Dixieland Delight has been answered - www.gulfrentals.com"
"INFO","Thread-2019295","11/27/2020","10:55:42","remote-client","sucessfully executed: Your Question for The Gulf Shack has been answered - www.gulfrentals.com"
"INFO","Thread-2019295","11/27/2020","10:55:48","remote-client","sucessfully executed: Your Question for The Gulf Shack has been answered - www.gulfrentals.com"
"INFO","Thread-2019436","11/27/2020","10:56:26","remote-client","sucessfully executed: Your Question for Kessler House has been answered - www.gulfrentals.com"
"INFO","Thread-2019436","11/27/2020","10:56:31","remote-client","sucessfully executed: Your Question for Kessler House has been answered - www.gulfrentals.com"
"INFO","Thread-2019784","11/27/2020","10:57:43","remote-client","sucessfully executed: Your Question for Honey Dunes has been answered - www.gulfrentals.com"
"INFO","Thread-2019784","11/27/2020","10:57:49","remote-client","sucessfully executed: Your Question for Honey Dunes has been answered - www.gulfrentals.com"
"INFO","Thread-2020124","11/27/2020","10:58:54","remote-client","sucessfully executed: Your Question for After Dune Delight has been answered - www.gulfrentals.com"
"INFO","Thread-2020124","11/27/2020","10:59:01","remote-client","sucessfully executed: Your Question for After Dune Delight has been answered - www.gulfrentals.com"
"INFO","Thread-2020503","11/27/2020","11:00:01","remote-client","sucessfully executed: Your Question for Jolievie has been answered - www.gulfrentals.com"
"INFO","Thread-2020503","11/27/2020","11:00:08","remote-client","sucessfully executed: Your Question for Jolievie has been answered - www.gulfrentals.com"
"INFO","Thread-2020758","11/27/2020","11:00:41","remote-client","sucessfully executed: Your Question for Clurin's Blue Heaven has been answered - www.gulfrentals.com"
"INFO","Thread-2020758","11/27/2020","11:00:46","remote-client","sucessfully executed: Your Question for Clurin's Blue Heaven has been answered - www.gulfrentals.com"
"INFO","Thread-2023196","11/27/2020","11:10:03","remote-client","sucessfully executed: Your Question for Five O'clock has been answered - www.gulfrentals.com"
"INFO","Thread-2023196","11/27/2020","11:10:08","remote-client","sucessfully executed: Your Question for Five O'clock has been answered - www.gulfrentals.com"
"INFO","Thread-2023525","11/27/2020","11:11:42","remote-client","sucessfully executed: Your Question for Clurin's Blue Heaven has been answered - www.gulfrentals.com"
"INFO","Thread-2023525","11/27/2020","11:11:48","remote-client","sucessfully executed: Your Question for Clurin's Blue Heaven has been answered - www.gulfrentals.com"
"INFO","Thread-2023864","11/27/2020","11:12:54","remote-client","sucessfully executed: Your Question for Sandy's Dune has been answered - www.gulfrentals.com"
"INFO","Thread-2023864","11/27/2020","11:13:00","remote-client","sucessfully executed: Your Question for Sandy's Dune has been answered - www.gulfrentals.com"
"INFO","Thread-2024354","11/27/2020","11:14:31","remote-client","sucessfully executed: Your Question for Angel Sand has been answered - www.gulfrentals.com"
"INFO","Thread-2024354","11/27/2020","11:14:36","remote-client","sucessfully executed: Your Question for Angel Sand has been answered - www.gulfrentals.com"
"INFO","Thread-2024529","11/27/2020","11:15:47","remote-client","sucessfully executed: Your Question for A Wave From It All has been answered - www.gulfrentals.com"
"INFO","Thread-2024529","11/27/2020","11:15:54","remote-client","sucessfully executed: Your Question for A Wave From It All has been answered - www.gulfrentals.com"
"INFO","Thread-3395274","01/04/2021","16:58:56","remote-client","successfully executed: Your Question for Kessler House has been answered - www.gulfrentals.com"
"INFO","Thread-3395274","01/04/2021","16:59:01","remote-client","successfully executed: Your Question for Kessler House has been answered - www.gulfrentals.com"
"INFO","Thread-3397019","01/04/2021","17:03:19","remote-client","successfully executed: Your Question for Salty Heir has been answered - www.gulfrentals.com"
"INFO","Thread-3397019","01/04/2021","17:03:25","remote-client","successfully executed: Your Question for Salty Heir has been answered - www.gulfrentals.com"
"INFO","Thread-3398126","01/04/2021","17:05:10","remote-client","successfully executed: Your Question for Sea Breeze has been answered - www.gulfrentals.com"
"INFO","Thread-3398126","01/04/2021","17:05:16","remote-client","successfully executed: Your Question for Sea Breeze has been answered - www.gulfrentals.com"
"INFO","Thread-3398927","01/04/2021","17:07:04","remote-client","successfully executed: Your Question for Dixie Dunes has been answered - www.gulfrentals.com"
"INFO","Thread-3398927","01/04/2021","17:07:09","remote-client","successfully executed: Your Question for Dixie Dunes has been answered - www.gulfrentals.com"
"INFO","Thread-3399895","01/04/2021","17:08:46","remote-client","successfully executed: Your Question for Goin' Coastal has been answered - www.gulfrentals.com"
"INFO","Thread-3399895","01/04/2021","17:08:51","remote-client","successfully executed: Your Question for Goin' Coastal has been answered - www.gulfrentals.com"
"INFO","Thread-3404644","01/04/2021","17:17:16","remote-client","successfully executed: Your Question for Angel Sand has been answered - www.gulfrentals.com"
"INFO","Thread-3404644","01/04/2021","17:17:22","remote-client","successfully executed: Your Question for Angel Sand has been answered - www.gulfrentals.com"
"INFO","Thread-3405665","01/04/2021","17:18:50","remote-client","successfully executed: Your Question for Double Wave has been answered - www.gulfrentals.com"
"INFO","Thread-3405665","01/04/2021","17:18:55","remote-client","successfully executed: Your Question for Double Wave has been answered - www.gulfrentals.com"
"INFO","Thread-3406782","01/04/2021","17:20:39","remote-client","successfully executed: Your Question for Double Wave has been answered - www.gulfrentals.com"
"INFO","Thread-3406782","01/04/2021","17:20:45","remote-client","successfully executed: Your Question for Double Wave has been answered - www.gulfrentals.com"
"INFO","Thread-3409138","01/04/2021","17:24:33","remote-client","successfully executed: Your Question for Seas the Moment has been answered - www.gulfrentals.com"
"INFO","Thread-3409138","01/04/2021","17:24:38","remote-client","successfully executed: Your Question for Seas the Moment has been answered - www.gulfrentals.com"
"INFO","Thread-3410070","01/04/2021","17:26:51","remote-client","successfully executed: Your Question for Salty Heir has been answered - www.gulfrentals.com"
"INFO","Thread-3410070","01/04/2021","17:26:57","remote-client","successfully executed: Your Question for Salty Heir has been answered - www.gulfrentals.com"
"INFO","Thread-3411627","01/04/2021","17:29:47","remote-client","successfully executed: Your Question for Gumbo One has been answered - www.gulfrentals.com"
"INFO","Thread-3411627","01/04/2021","17:29:52","remote-client","successfully executed: Your Question for Gumbo One has been answered - www.gulfrentals.com"
"INFO","Thread-3414217","01/04/2021","17:35:29","remote-client","successfully executed: Your Question for Pelican Bay has been answered - www.gulfrentals.com"
"INFO","Thread-3414217","01/04/2021","17:35:34","remote-client","successfully executed: Your Question for Pelican Bay has been answered - www.gulfrentals.com"
"INFO","Thread-3415437","01/04/2021","17:37:53","remote-client","successfully executed: Your Question for Summerscape has been answered - www.gulfrentals.com"
"INFO","Thread-3415437","01/04/2021","17:37:59","remote-client","successfully executed: Your Question for Summerscape has been answered - www.gulfrentals.com"
"INFO","Thread-3416463","01/04/2021","17:40:04","remote-client","successfully executed: Your Question for Crystal Paradise has been answered - www.gulfrentals.com"
"INFO","Thread-3416463","01/04/2021","17:40:10","remote-client","successfully executed: Your Question for Crystal Paradise has been answered - www.gulfrentals.com"
"INFO","Thread-3811733","01/05/2021","14:41:04","remote-client","successfully executed: Your Question for Beale Street Bungalow has been answered - www.gulfrentals.com"
"INFO","Thread-3811733","01/05/2021","14:41:10","remote-client","successfully executed: Your Question for Beale Street Bungalow has been answered - www.gulfrentals.com"
"INFO","Thread-1824252","01/13/2021","16:22:38","remote-client","successfully executed: Your Question for Salty Heir has been answered - www.gulfrentals.com"
"INFO","Thread-1824252","01/13/2021","16:22:44","remote-client","successfully executed: Your Question for Salty Heir has been answered - www.gulfrentals.com"
"INFO","Thread-1824686","01/13/2021","16:23:58","remote-client","successfully executed: Your Question for Dolphin Watch has been answered - www.gulfrentals.com"
"INFO","Thread-1824686","01/13/2021","16:24:03","remote-client","successfully executed: Your Question for Dolphin Watch has been answered - www.gulfrentals.com"
"INFO","Thread-1824816","01/13/2021","16:24:20","remote-client","successfully executed: Your Question for Happy Hours has been answered - www.gulfrentals.com"
"INFO","Thread-1824816","01/13/2021","16:24:31","remote-client","successfully executed: Your Question for Happy Hours has been answered - www.gulfrentals.com"
"INFO","Thread-1825994","01/13/2021","16:27:13","remote-client","successfully executed: Your Question for Happy Hours has been answered - www.gulfrentals.com"
"INFO","Thread-1825994","01/13/2021","16:27:24","remote-client","successfully executed: Your Question for Happy Hours has been answered - www.gulfrentals.com"
"INFO","Thread-1826553","01/13/2021","16:28:28","remote-client","successfully executed: Your Question for 3's A Charm has been answered - www.gulfrentals.com"
"INFO","Thread-1826553","01/13/2021","16:28:39","remote-client","successfully executed: Your Question for 3's A Charm has been answered - www.gulfrentals.com"
"INFO","Thread-1826957","01/13/2021","16:29:34","remote-client","successfully executed: Your Question for Sandsong has been answered - www.gulfrentals.com"
"INFO","Thread-1826957","01/13/2021","16:29:39","remote-client","successfully executed: Your Question for Sandsong has been answered - www.gulfrentals.com"
"INFO","Thread-1827599","01/13/2021","16:30:44","remote-client","successfully executed: Your Question for Happy Days has been answered - www.gulfrentals.com"
"INFO","Thread-1827599","01/13/2021","16:30:49","remote-client","successfully executed: Your Question for Happy Days has been answered - www.gulfrentals.com"
"INFO","Thread-1827904","01/13/2021","16:31:17","remote-client","successfully executed: Your Question for Crystal Paradise has been answered - www.gulfrentals.com"
"INFO","Thread-1827904","01/13/2021","16:31:27","remote-client","successfully executed: Your Question for Crystal Paradise has been answered - www.gulfrentals.com"
"INFO","Thread-1828396","01/13/2021","16:32:15","remote-client","successfully executed: Your Question for Crystal Paradise has been answered - www.gulfrentals.com"
"INFO","Thread-1828396","01/13/2021","16:32:21","remote-client","successfully executed: Your Question for Crystal Paradise has been answered - www.gulfrentals.com"
"INFO","Thread-1830471","01/13/2021","16:36:33","remote-client","successfully executed: Your Question for Seas the Moment has been answered - www.gulfrentals.com"
"INFO","Thread-1830471","01/13/2021","16:36:38","remote-client","successfully executed: Your Question for Seas the Moment has been answered - www.gulfrentals.com"
"INFO","Thread-1831286","01/13/2021","16:38:09","remote-client","successfully executed: Your Question for Bar Harbor East has been answered - www.gulfrentals.com"
"INFO","Thread-1831286","01/13/2021","16:38:14","remote-client","successfully executed: Your Question for Bar Harbor East has been answered - www.gulfrentals.com"
"INFO","Thread-1831605","01/13/2021","16:38:45","remote-client","successfully executed: Your Question for Five O'clock has been answered - www.gulfrentals.com"
"INFO","Thread-1831605","01/13/2021","16:38:50","remote-client","successfully executed: Your Question for Five O'clock has been answered - www.gulfrentals.com"
"INFO","Thread-1832194","01/13/2021","16:39:44","remote-client","successfully executed: Your Question for Salty Paws has been answered - www.gulfrentals.com"
"INFO","Thread-1832194","01/13/2021","16:39:49","remote-client","successfully executed: Your Question for Salty Paws has been answered - www.gulfrentals.com"
"INFO","Thread-1832519","01/13/2021","16:40:31","remote-client","successfully executed: Your Question for Escape has been answered - www.gulfrentals.com"
"INFO","Thread-1832519","01/13/2021","16:40:36","remote-client","successfully executed: Your Question for Escape has been answered - www.gulfrentals.com"
"INFO","Thread-1833851","01/13/2021","16:43:22","remote-client","successfully executed: Your Question for Down Time has been answered - www.gulfrentals.com"
"INFO","Thread-1833851","01/13/2021","16:43:28","remote-client","successfully executed: Your Question for Down Time has been answered - www.gulfrentals.com"
"INFO","Thread-1835206","01/13/2021","16:45:34","remote-client","successfully executed: Your Question for Beach Dream has been answered - www.gulfrentals.com"
"INFO","Thread-1835206","01/13/2021","16:45:39","remote-client","successfully executed: Your Question for Beach Dream has been answered - www.gulfrentals.com"
"INFO","Thread-1836937","01/13/2021","16:49:17","remote-client","successfully executed: Your Question for Pelican Bay has been answered - www.gulfrentals.com"
"INFO","Thread-1836937","01/13/2021","16:49:23","remote-client","successfully executed: Your Question for Pelican Bay has been answered - www.gulfrentals.com"
"INFO","Thread-1837555","01/13/2021","16:51:00","remote-client","successfully executed: Your Question for Let the Good Tides Roll has been answered - www.gulfrentals.com"
"INFO","Thread-1837555","01/13/2021","16:51:13","remote-client","successfully executed: Your Question for Let the Good Tides Roll has been answered - www.gulfrentals.com"
"INFO","Thread-1839261","01/13/2021","16:53:45","remote-client","successfully executed: Your Question for Stay Salty has been answered - www.gulfrentals.com"
"INFO","Thread-1839261","01/13/2021","16:53:51","remote-client","successfully executed: Your Question for Stay Salty has been answered - www.gulfrentals.com"
